This is e-pTeX, Version 3.14159265-p3.7.1-161114-2.6 (utf8.euc) (TeX Live 2017) (preloaded format=platex 2017.8.2)  24 AUG 2017 16:46
entering extended mode
 \write18 enabled.
 Source specials enabled.
 %&-line parsing enabled.
**main.tex
(./main.tex
pLaTeX2e <2017/07/29> (based on LaTeX2e <2017-04-15>)
Babel <3.12> and hyphenation patterns for 84 language(s) loaded.
(./ec2017.cls
Document Class: ec2017 2012/10/12 v1.04 IPSJ class
(/usr/local/texlive/2017/texmf-dist/tex/latex/graphics/color.sty
Package: color 2016/07/10 v1.1e Standard LaTeX Color (DPC)

(/usr/local/texlive/2017/texmf-dist/tex/latex/graphics-cfg/color.cfg
File: color.cfg 2016/01/02 v1.6 sample color configuration
)
Package color Info: Driver file: dvips.def on input line 147.

(/usr/local/texlive/2017/texmf-dist/tex/latex/graphics-def/dvips.def
File: dvips.def 2017/06/20 v3.1d Graphics/color driver for dvips
)
(/usr/local/texlive/2017/texmf-dist/tex/latex/graphics/dvipsnam.def
File: dvipsnam.def 2016/06/17 v3.0m Driver-dependent file (DPC,SPQR)
))
\c@@paper=\count82
\h=\dimen118
\JQ=\dimen119
\Q=\dimen120
\@Q=\dimen121
\ChtE=\skip41
\CdpE=\skip42
\CwdE=\skip43
\CvsE=\skip44
\normalbaselineskip=\skip45
\c@volume=\count83
\c@number=\count84
\c@month=\count85
\c@year=\count86
\author@count=\count87
\label@count=\count88
\email@count=\count89
\affiliate@count=\count90
\offsetemail=\count91
\paffiliate@count=\count92
\shubetutitlesep=\skip46
\JEhonbunsep=\skip47
\Etitleauthorsep=\skip48
\Eauthorreceivesep=\skip49
\Ereceiveabstsep=\skip50
\Eabstkeywordsep=\skip51
\Jtitlejauthorsep=\skip52
\Jauthorjreceivesep=\skip53
\Jreceivejabstsep=\skip54
\Jabstsepjkeyword=\skip55
\Jkeywordetitle=\skip56
\Jetitleeauthor=\skip57
\Jeauthorereceivesep=\skip58
\Jereceiveeabstsep=\skip59
\Jeabstekeywordsep=\skip60
\@abstractbox=\box42
\@eabstractbox=\box43
\@jkeywordbox=\box44
\@ekeywordbox=\box45
\@keywordbox=\box46
\c@part=\count93
\c@section=\count94
\c@subsection=\count95
\c@subsubsection=\count96
\c@paragraph=\count97
\c@subparagraph=\count98
\@tempboxb=\box47
\SECTwd=\box48
\section@height=\skip61
\@abovecapskip=\dimen122
\@belowcapskip=\dimen123
\c@figure=\count99
\c@table=\count100
\abovecaptionskip=\skip62
\belowcaptionskip=\skip63
\@tempboxb=\box49
\capwidth=\dimen124
\ecapwidth=\dimen125
\bibindent=\dimen126
\c@profile=\count101
\mathindent=\dimen127
\@dummyfigbox=\box50
\twocolcapwidth=\dimen128
\twocolecapwidth=\dimen129
\@compare@result=\count102

(./EC2017tech.sty
Document Class: ec2017 2012/06/01 v3.00 IPSJTECH.STY
)) (/usr/local/texlive/2017/texmf-dist/tex/latex/graphics/graphicx.sty
Package: graphicx 2017/06/01 v1.1a Enhanced LaTeX Graphics (DPC,SPQR)

(/usr/local/texlive/2017/texmf-dist/tex/latex/graphics/keyval.sty
Package: keyval 2014/10/28 v1.15 key=value parser (DPC)
\KV@toks@=\toks15
)
(/usr/local/texlive/2017/texmf-dist/tex/latex/graphics/graphics.sty
Package: graphics 2017/06/25 v1.2c Standard LaTeX Graphics (DPC,SPQR)

(/usr/local/texlive/2017/texmf-dist/tex/latex/graphics/trig.sty
Package: trig 2016/01/03 v1.10 sin cos tan (DPC)
)
(/usr/local/texlive/2017/texmf-dist/tex/latex/graphics-cfg/graphics.cfg
File: graphics.cfg 2016/06/04 v1.11 sample graphics configuration
)
Package graphics Info: Driver file: dvipdfmx.def on input line 99.

(/usr/local/texlive/2017/texmf-dist/tex/latex/graphics-def/dvipdfmx.def
File: dvipdfmx.def 2017/06/24 v5.0g Graphics/color driver for dvipdfmx
))
\Gin@req@height=\dimen130
\Gin@req@width=\dimen131
)
(/usr/local/texlive/2017/texmf-dist/tex/latex/base/latexsym.sty
Package: latexsym 1998/08/17 v2.2e Standard LaTeX package (lasy symbols)
\symlasy=\mathgroup4
LaTeX Font Info:    Overwriting symbol font `lasy' in version `bold'
(Font)                  U/lasy/m/n --> U/lasy/b/n on input line 52.
) (./main.aux

LaTeX Warning: Label `fig:pilow' multiply defined.


LaTeX Warning: Label `fig:pilow' multiply defined.


LaTeX Warning: Label `fig:pilow' multiply defined.


LaTeX Warning: Label `fig:pilow' multiply defined.

)
\openout1 = `main.aux'.

LaTeX Font Info:    Checking defaults for OML/cmm/m/it on input line 25.
LaTeX Font Info:    ... okay on input line 25.
LaTeX Font Info:    Checking defaults for T1/cmr/m/n on input line 25.
LaTeX Font Info:    ... okay on input line 25.
LaTeX Font Info:    Checking defaults for OT1/cmr/m/n on input line 25.
LaTeX Font Info:    ... okay on input line 25.
LaTeX Font Info:    Checking defaults for OMS/cmsy/m/n on input line 25.
LaTeX Font Info:    ... okay on input line 25.
LaTeX Font Info:    Checking defaults for OMX/cmex/m/n on input line 25.
LaTeX Font Info:    ... okay on input line 25.
LaTeX Font Info:    Checking defaults for U/cmr/m/n on input line 25.
LaTeX Font Info:    ... okay on input line 25.
LaTeX Font Info:    Checking defaults for JY1/mc/m/n on input line 25.
LaTeX Font Info:    ... okay on input line 25.
LaTeX Font Info:    Checking defaults for JT1/mc/m/n on input line 25.
LaTeX Font Info:    ... okay on input line 25.
 (./src/abstract.tex
LaTeX Font Info:    Font shape `JT1/mc/bx/n' in size <8.8711> not available
(Font)              Font shape `JT1/gt/m/n' tried instead on input line 1.
LaTeX Font Info:    Font shape `JY1/mc/bx/n' in size <8.8711> not available
(Font)              Font shape `JY1/gt/m/n' tried instead on input line 1.
) (./src/eabstract.tex)
LaTeX Font Info:    Font shape `JT1/gt/bx/n' in size <19.2207> not available
(Font)              Font shape `JT1/gt/m/n' tried instead on input line 45.
LaTeX Font Info:    Font shape `JY1/gt/bx/n' in size <19.2207> not available
(Font)              Font shape `JY1/gt/m/n' tried instead on input line 45.
LaTeX Font Info:    Calculating math sizes for size <9.61035> on input line 45.

LaTeX Font Info:    Calculating math sizes for size <11.82813> on input line 45
.
LaTeX Font Info:    Font shape `JT1/mc/bx/n' in size <14.22882> not available
(Font)              Font shape `JT1/gt/m/n' tried instead on input line 45.
LaTeX Font Info:    Font shape `JY1/mc/bx/n' in size <14.22882> not available
(Font)              Font shape `JY1/gt/m/n' tried instead on input line 45.
LaTeX Font Info:    Font shape `JT1/mc/m/sc' in size <10.34961> not available
(Font)              Font shape `JT1/mc/m/n' tried instead on input line 45.
LaTeX Font Info:    Font shape `JY1/mc/m/sc' in size <10.34961> not available
(Font)              Font shape `JY1/mc/m/n' tried instead on input line 45.
LaTeX Font Info:    Calculating math sizes for size <10.34961> on input line 45
.
LaTeX Font Info:    Font shape `JT1/mc/m/sc' in size <7.24469> not available
(Font)              Font shape `JT1/mc/m/n' tried instead on input line 45.
LaTeX Font Info:    Font shape `JY1/mc/m/sc' in size <7.24469> not available
(Font)              Font shape `JY1/mc/m/n' tried instead on input line 45.
LaTeX Font Info:    Calculating math sizes for size <8.13184> on input line 45.

LaTeX Font Info:    Calculating math sizes for size <5.69225> on input line 45.

 (./src/introduction.tex
LaTeX Font Info:    Font shape `JT1/mc/bx/n' in size <11.82813> not available
(Font)              Font shape `JT1/gt/m/n' tried instead on input line 1.
LaTeX Font Info:    Font shape `JY1/mc/bx/n' in size <11.82813> not available
(Font)              Font shape `JY1/gt/m/n' tried instead on input line 1.
File: ./figs/huku.jpg Graphic file (type bmp)
<./figs/huku.jpg>
LaTeX Font Info:    Font shape `JT1/mc/bx/n' in size <8.13184> not available
(Font)              Font shape `JT1/gt/m/n' tried instead on input line 13.
LaTeX Font Info:    Font shape `JY1/mc/bx/n' in size <8.13184> not available
(Font)              Font shape `JY1/gt/m/n' tried instead on input line 13.
File: ./figs/ekuso.jpg Graphic file (type bmp)
<./figs/ekuso.jpg>
File: ./figs/rokuro.jpg Graphic file (type bmp)
<./figs/rokuro.jpg>
LaTeX Font Info:    Font shape `JT1/mc/bx/n' in size <9.24873> not available
(Font)              Font shape `JT1/gt/m/n' tried instead on input line 33.
LaTeX Font Info:    Font shape `JY1/mc/bx/n' in size <9.24873> not available
(Font)              Font shape `JY1/gt/m/n' tried instead on input line 33.

(I search kanjifont definition file: . . ) (I search font definition file: . .
. . . . . )
LaTeX Font Info:    Try loading font information for OMS+txsy on input line 33.

 (/usr/local/texlive/2017/texmf-dist/tex/latex/txfonts/omstxsy.fd
File: omstxsy.fd 2000/12/15 v3.1
)
LaTeX Font Info:    Try loading font information for OT1+txsy on input line 33.

LaTeX Font Info:    No file OT1txsy.fd. on input line 33.


LaTeX Font Warning: Font shape `OT1/txsy/m/n' undefined
(Font)              using `OT1/cmr/m/n' instead on input line 33.

LaTeX Font Info:    Try loading font information for OT1+ptm on input line 33.
(/usr/local/texlive/2017/texmf-dist/tex/latex/psnfss/ot1ptm.fd
File: ot1ptm.fd 2001/06/04 font definitions for OT1/ptm.
) [1


])
(./src/niku.tex
File: ./figs/pilow.png Graphic file (type bmp)
<./figs/pilow.png>
 [2]
File: ./figs/weartronica.jpg Graphic file (type bmp)
<./figs/weartronica.jpg>
File: ./figs/aw_motar.png Graphic file (type bmp)
<./figs/aw_motar.png>
File: ./figs/pairfeel1.png Graphic file (type bmp)
<./figs/pairfeel1.png>
File: ./figs/pairfeel2.png Graphic file (type bmp)
<./figs/pairfeel2.png>
) [3] (./src/kousei.tex
File: ./figs/ooip.jpg Graphic file (type bmp)
<./figs/ooip.jpg>
File: ./figs/mae.png Graphic file (type bmp)
<./figs/mae.png>
File: ./figs/ato.png Graphic file (type bmp)
<./figs/ato.png>
) (./src/conclusion.tex)
(./src/ack.tex)
LaTeX Font Info:    Font shape `JT1/mc/bx/n' in size <9.61035> not available
(Font)              Font shape `JT1/gt/m/n' tried instead on input line 63.
LaTeX Font Info:    Font shape `JY1/mc/bx/n' in size <9.61035> not available
(Font)              Font shape `JY1/gt/m/n' tried instead on input line 63.
LaTeX Font Info:    Calculating math sizes for size <8.8711> on input line 63.
 [4] [5

] (./main.aux)

LaTeX Font Warning: Some font shapes were not available, defaults substituted.


LaTeX Warning: There were multiply-defined labels.

 ) 
Here is how much of TeX's memory you used:
 1711 strings out of 493648
 23787 string characters out of 6148807
 85318 words of memory out of 5000000
 5277 multiletter control sequences out of 15000+600000
 40055 words of font info for 176 fonts, out of 8000000 for 9000
 929 hyphenation exceptions out of 8191
 32i,10n,25p,1191b,505s stack positions out of 5000i,500n,10000p,200000b,80000s

Output written on main.dvi (5 pages, 22888 bytes).
